<?xml version="1.0" encoding="utf-8"?><testsuites name="pytest tests"><testsuite name="pytest" errors="0" failures="0" skipped="0" tests="7" time="1.501" timestamp="2026-02-11T02:30:50.360693+00:00" hostname="agent-env-899d4ebb-8007-420f-a4cd-81092bfa6089"><testcase classname="backend.tests.test_coupon_expiry.TestCouponExpiryCreation" name="test_create_coupon_with_expires_at" time="0.404" /><testcase classname="backend.tests.test_coupon_expiry.TestCouponExpiryCreation" name="test_create_coupon_without_expires_at" time="0.084" /><testcase classname="backend.tests.test_coupon_expiry.TestExpiredCouponValidation" name="test_expired_coupon_validation_rejected" time="0.393" /><testcase classname="backend.tests.test_coupon_expiry.TestExpiredCouponValidation" name="test_non_expired_coupon_validation_accepted" time="0.117" /><testcase classname="backend.tests.test_coupon_expiry.TestExpiredCouponValidation" name="test_coupon_without_expiry_always_valid" time="0.119" /><testcase classname="backend.tests.test_coupon_expiry.TestCouponExpiryEdgeCases" name="test_coupon_expiring_today_end_of_day" time="0.138" /><testcase classname="backend.tests.test_coupon_expiry.TestAdminCouponListWithExpiry" name="test_admin_sees_expires_at_in_list" time="0.134" /></testsuite></testsuites>