<?xml version="1.0" encoding="utf-8"?><testsuites name="pytest tests"><testsuite name="pytest" errors="0" failures="0" skipped="0" tests="21" time="2.816" timestamp="2026-02-11T02:07:14.317551+00:00" hostname="agent-env-899d4ebb-8007-420f-a4cd-81092bfa6089"><testcase classname="tests.test_favorites_coupons.TestBackendHealth" name="test_health_endpoint" time="0.071" /><testcase classname="tests.test_favorites_coupons.TestAuthLogin" name="test_admin_login" time="0.263" /><testcase classname="tests.test_favorites_coupons.TestAuthLogin" name="test_create_test_user_or_login" time="0.321" /><testcase classname="tests.test_favorites_coupons.TestFavoritesAPI" name="test_add_favorite" time="0.366" /><testcase classname="tests.test_favorites_coupons.TestFavoritesAPI" name="test_get_favorite_ids" time="0.044" /><testcase classname="tests.test_favorites_coupons.TestFavoritesAPI" name="test_get_favorites_list" time="0.040" /><testcase classname="tests.test_favorites_coupons.TestFavoritesAPI" name="test_remove_favorite" time="0.080" /><testcase classname="tests.test_favorites_coupons.TestFavoritesAPI" name="test_add_favorite_nonexistent_restaurant" time="0.043" /><testcase classname="tests.test_favorites_coupons.TestFavoritesAPI" name="test_favorites_without_auth" time="0.037" /><testcase classname="tests.test_favorites_coupons.TestCouponsAdminAPI" name="test_create_coupon_percentage" time="0.309" /><testcase classname="tests.test_favorites_coupons.TestCouponsAdminAPI" name="test_get_coupons_list" time="0.045" /><testcase classname="tests.test_favorites_coupons.TestCouponsAdminAPI" name="test_update_coupon" time="0.121" /><testcase classname="tests.test_favorites_coupons.TestCouponsAdminAPI" name="test_delete_coupon" time="0.079" /><testcase classname="tests.test_favorites_coupons.TestCouponsAdminAPI" name="test_create_duplicate_coupon_code" time="0.190" /><testcase classname="tests.test_favorites_coupons.TestCouponsAdminAPI" name="test_admin_endpoints_require_admin_role" time="0.032" /><testcase classname="tests.test_favorites_coupons.TestCouponsValidateAPI" name="test_validate_valid_coupon" time="0.158" /><testcase classname="tests.test_favorites_coupons.TestCouponsValidateAPI" name="test_validate_invalid_coupon_code" time="0.041" /><testcase classname="tests.test_favorites_coupons.TestCouponsValidateAPI" name="test_validate_coupon_below_min_order" time="0.114" /><testcase classname="tests.test_favorites_coupons.TestCouponsValidateAPI" name="test_validate_empty_code" time="0.037" /><testcase classname="tests.test_favorites_coupons.TestCouponsDiscountTypes" name="test_fixed_discount_coupon" time="0.113" /><testcase classname="tests.test_favorites_coupons.TestCouponsDiscountTypes" name="test_free_delivery_coupon" time="0.170" /></testsuite></testsuites>