<?xml version="1.0" encoding="utf-8"?><testsuites name="pytest tests"><testsuite name="pytest" errors="0" failures="0" skipped="0" tests="20" time="2.373" timestamp="2026-02-10T23:51:21.360328+00:00" hostname="agent-env-8a8b620c-98b6-4e44-acdb-feea1e9c37e4"><testcase classname="backend.tests.test_food_delivery_api.TestHealthCheck" name="test_health_returns_healthy" time="0.081" /><testcase classname="backend.tests.test_food_delivery_api.TestRestaurants" name="test_get_restaurants_list" time="0.017" /><testcase classname="backend.tests.test_food_delivery_api.TestRestaurants" name="test_get_nearby_restaurants" time="0.016" /><testcase classname="backend.tests.test_food_delivery_api.TestCities" name="test_get_cities_list" time="0.011" /><testcase classname="backend.tests.test_food_delivery_api.TestSettings" name="test_get_app_settings" time="0.011" /><testcase classname="backend.tests.test_food_delivery_api.TestAdvertisements" name="test_get_advertisements" time="0.010" /><testcase classname="backend.tests.test_food_delivery_api.TestAuthRegister" name="test_register_new_user" time="0.235" /><testcase classname="backend.tests.test_food_delivery_api.TestAuthRegister" name="test_register_duplicate_phone_fails" time="0.248" /><testcase classname="backend.tests.test_food_delivery_api.TestAuthLogin" name="test_login_with_provided_test_user" time="0.234" /><testcase classname="backend.tests.test_food_delivery_api.TestAuthLogin" name="test_login_invalid_credentials_fails" time="0.233" /><testcase classname="backend.tests.test_food_delivery_api.TestAuthMe" name="test_get_current_user_with_token" time="0.243" /><testcase classname="backend.tests.test_food_delivery_api.TestAuthMe" name="test_get_current_user_without_token_fails" time="0.038" /><testcase classname="backend.tests.test_food_delivery_api.TestDriverLocation" name="test_driver_location_nonexistent_order" time="0.243" /><testcase classname="backend.tests.test_food_delivery_api.TestDriverLocation" name="test_driver_location_response_structure" time="0.242" /><testcase classname="backend.tests.test_food_delivery_api.TestRestaurantDetail" name="test_get_restaurant_by_id" time="0.009" /><testcase classname="backend.tests.test_food_delivery_api.TestRestaurantDetail" name="test_get_restaurant_menu" time="0.050" /><testcase classname="backend.tests.test_food_delivery_api.TestRestaurantDetail" name="test_get_restaurant_menu_nonexistent" time="0.009" /><testcase classname="backend.tests.test_food_delivery_api.TestCategories" name="test_get_categories_list" time="0.011" /><testcase classname="backend.tests.test_food_delivery_api.TestModuleImports" name="test_server_responds_correctly" time="0.333" /><testcase classname="backend.tests.test_food_delivery_api.TestWorkingHours" name="test_restaurants_open_status_field" time="0.011" /></testsuite></testsuites>