<?xml version="1.0" encoding="utf-8"?><testsuites name="pytest tests"><testsuite name="pytest" errors="0" failures="0" skipped="0" tests="16" time="2.695" timestamp="2026-02-08T22:18:19.457171+00:00" hostname="agent-env-8b352fad-869c-4ae9-aac8-c07d5d858c5b"><testcase classname="backend.tests.test_food_delivery_api.TestHealthCheck" name="test_health_returns_healthy" time="0.091" /><testcase classname="backend.tests.test_food_delivery_api.TestRestaurants" name="test_get_restaurants_list" time="0.057" /><testcase classname="backend.tests.test_food_delivery_api.TestRestaurants" name="test_get_nearby_restaurants" time="0.013" /><testcase classname="backend.tests.test_food_delivery_api.TestCities" name="test_get_cities_list" time="0.021" /><testcase classname="backend.tests.test_food_delivery_api.TestSettings" name="test_get_app_settings" time="0.010" /><testcase classname="backend.tests.test_food_delivery_api.TestAdvertisements" name="test_get_advertisements" time="0.051" /><testcase classname="backend.tests.test_food_delivery_api.TestAuthRegister" name="test_register_new_user" time="0.257" /><testcase classname="backend.tests.test_food_delivery_api.TestAuthRegister" name="test_register_duplicate_phone_fails" time="0.245" /><testcase classname="backend.tests.test_food_delivery_api.TestAuthLogin" name="test_login_with_provided_test_user" time="0.274" /><testcase classname="backend.tests.test_food_delivery_api.TestAuthLogin" name="test_login_invalid_credentials_fails" time="0.274" /><testcase classname="backend.tests.test_food_delivery_api.TestAuthMe" name="test_get_current_user_with_token" time="0.246" /><testcase classname="backend.tests.test_food_delivery_api.TestAuthMe" name="test_get_current_user_without_token_fails" time="0.043" /><testcase classname="backend.tests.test_food_delivery_api.TestDriverLocation" name="test_driver_location_nonexistent_order" time="0.244" /><testcase classname="backend.tests.test_food_delivery_api.TestDriverLocation" name="test_driver_location_response_structure" time="0.282" /><testcase classname="backend.tests.test_food_delivery_api.TestModuleImports" name="test_server_responds_correctly" time="0.335" /><testcase classname="backend.tests.test_food_delivery_api.TestWorkingHours" name="test_restaurants_open_status_field" time="0.050" /></testsuite></testsuites>